# JRE version: OpenJDK Runtime Environment Temurin-21.0.12.1+1 (21.0.12.1+1) (build 21.0.12.1+1-LTS)
# Java VM: OpenJDK 64-Bit Server VM Temurin-21.0.12.1+1 (21.0.12.1+1-LTS, mixed mode, sharing, tiered, compressed oops, compressed class ptrs, parallel gc, windows-amd64)
GC Precious Log:
 CardTable entry size: 512
 CPUs: 12 total, 12 available
 Memory: 16157M
 Large Page Support: Disabled
 NUMA Support: Disabled
 Compressed Oops: Enabled (32-bit)
 Alignments: Space 512K, Generation 512K, Heap 2M
 Heap Min Capacity: 100M
 Heap Initial Capacity: 100M
 Heap Max Capacity: 2G
 Pre-touch: Disabled
 Parallel Workers: 10
Heap:
 PSYoungGen      total 24064K, used 14204K [0x00000000d5580000, 0x00000000d7200000, 0x0000000100000000)
  eden space 19968K, 50% used [0x00000000d5580000,0x00000000d5f60100,0x00000000d6900000)
  from space 4096K, 99% used [0x00000000d6900000,0x00000000d6cff2a0,0x00000000d6d00000)
  to   space 4608K, 0% used [0x00000000d6d80000,0x00000000d6d80000,0x00000000d7200000)
 ParOldGen       total 68608K, used 39587K [0x0000000080000000, 0x0000000084300000, 0x00000000d5580000)
  object space 68608K, 57% used [0x0000000080000000,0x00000000826a8e10,0x0000000084300000)
 Metaspace       used 58181K, committed 59456K, reserved 1114112K
  class space    used 6468K, committed 7040K, reserved 1048576K
GC Heap History (20 events):
Event: 7.719 GC heap before
{Heap before GC invocations=12 (full 2):
 PSYoungGen      total 26624K, used 26180K [0x00000000d5580000, 0x00000000d7480000, 0x0000000100000000)
  eden space 23552K, 100% used [0x00000000d5580000,0x00000000d6c80000,0x00000000d6c80000)
  from space 3072K, 85% used [0x00000000d6d00000,0x00000000d6f91278,0x00000000d7000000)
  to   space 4096K, 0% used [0x00000000d7080000,0x00000000d7080000,0x00000000d7480000)
 ParOldGen       total 68608K, used 19770K [0x0000000080000000, 0x0000000084300000, 0x00000000d5580000)
  object space 68608K, 28% used [0x0000000080000000,0x000000008134eba8,0x0000000084300000)
 Metaspace       used 41354K, committed 42496K, reserved 1114112K
  class space    used 4473K, committed 4992K, reserved 1048576K
}
Event: 7.721 GC heap after
{Heap after GC invocations=12 (full 2):
 PSYoungGen      total 25600K, used 2135K [0x00000000d5580000, 0x00000000d7300000, 0x0000000100000000)
  eden space 23040K, 0% used [0x00000000d5580000,0x00000000d5580000,0x00000000d6c00000)
  from space 2560K, 83% used [0x00000000d7080000,0x00000000d7295ea8,0x00000000d7300000)
  to   space 2560K, 0% used [0x00000000d6e00000,0x00000000d6e00000,0x00000000d7080000)
 ParOldGen       total 68608K, used 19778K [0x0000000080000000, 0x0000000084300000, 0x00000000d5580000)
  object space 68608K, 28% used [0x0000000080000000,0x0000000081350ba8,0x0000000084300000)
 Metaspace       used 41354K, committed 42496K, reserved 1114112K
  class space    used 4473K, committed 4992K, reserved 1048576K
}
Event: 7.861 GC heap before
{Heap before GC invocations=13 (full 2):
 PSYoungGen      total 25600K, used 25175K [0x00000000d5580000, 0x00000000d7300000, 0x0000000100000000)
  eden space 23040K, 100% used [0x00000000d5580000,0x00000000d6c00000,0x00000000d6c00000)
  from space 2560K, 83% used [0x00000000d7080000,0x00000000d7295ea8,0x00000000d7300000)
  to   space 2560K, 0% used [0x00000000d6e00000,0x00000000d6e00000,0x00000000d7080000)
 ParOldGen       total 68608K, used 19778K [0x0000000080000000, 0x0000000084300000, 0x00000000d5580000)
  object space 68608K, 28% used [0x0000000080000000,0x0000000081350ba8,0x0000000084300000)
 Metaspace       used 43863K, committed 45056K, reserved 1114112K
  class space    used 4809K, committed 5312K, reserved 1048576K
}
Event: 7.863 GC heap after
{Heap after GC invocations=13 (full 2):
 PSYoungGen      total 25088K, used 2368K [0x00000000d5580000, 0x00000000d7100000, 0x0000000100000000)
  eden space 22528K, 0% used [0x00000000d5580000,0x00000000d5580000,0x00000000d6b80000)
  from space 2560K, 92% used [0x00000000d6e00000,0x00000000d7050058,0x00000000d7080000)
  to   space 512K, 0% used [0x00000000d7080000,0x00000000d7080000,0x00000000d7100000)
 ParOldGen       total 68608K, used 21533K [0x0000000080000000, 0x0000000084300000, 0x00000000d5580000)
  object space 68608K, 31% used [0x0000000080000000,0x00000000815076f0,0x0000000084300000)
 Metaspace       used 43863K, committed 45056K, reserved 1114112K
  class space    used 4809K, committed 5312K, reserved 1048576K
}
Event: 8.100 GC heap before
{Heap before GC invocations=14 (full 2):
 PSYoungGen      total 25088K, used 24896K [0x00000000d5580000, 0x00000000d7100000, 0x0000000100000000)
  eden space 22528K, 100% used [0x00000000d5580000,0x00000000d6b80000,0x00000000d6b80000)
  from space 2560K, 92% used [0x00000000d6e00000,0x00000000d7050058,0x00000000d7080000)
  to   space 512K, 0% used [0x00000000d7080000,0x00000000d7080000,0x00000000d7100000)
 ParOldGen       total 68608K, used 21533K [0x0000000080000000, 0x0000000084300000, 0x00000000d5580000)
  object space 68608K, 31% used [0x0000000080000000,0x00000000815076f0,0x0000000084300000)
 Metaspace       used 48102K, committed 49344K, reserved 1114112K
  class space    used 5385K, committed 5952K, reserved 1048576K
}
Event: 8.102 GC heap after
{Heap after GC invocations=14 (full 2):
 PSYoungGen      total 22528K, used 512K [0x00000000d5580000, 0x00000000d7400000, 0x0000000100000000)
  eden space 22016K, 0% used [0x00000000d5580000,0x00000000d5580000,0x00000000d6b00000)
  from space 512K, 100% used [0x00000000d7080000,0x00000000d7100000,0x00000000d7100000)
  to   space 4608K, 0% used [0x00000000d6b00000,0x00000000d6b00000,0x00000000d6f80000)
 ParOldGen       total 68608K, used 25133K [0x0000000080000000, 0x0000000084300000, 0x00000000d5580000)
  object space 68608K, 36% used [0x0000000080000000,0x000000008188b488,0x0000000084300000)
 Metaspace       used 48102K, committed 49344K, reserved 1114112K
  class space    used 5385K, committed 5952K, reserved 1048576K
}
Event: 8.358 GC heap before
{Heap before GC invocations=15 (full 2):
 PSYoungGen      total 22528K, used 22528K [0x00000000d5580000, 0x00000000d7400000, 0x0000000100000000)
  eden space 22016K, 100% used [0x00000000d5580000,0x00000000d6b00000,0x00000000d6b00000)
  from space 512K, 100% used [0x00000000d7080000,0x00000000d7100000,0x00000000d7100000)
  to   space 4608K, 0% used [0x00000000d6b00000,0x00000000d6b00000,0x00000000d6f80000)
 ParOldGen       total 68608K, used 25133K [0x0000000080000000, 0x0000000084300000, 0x00000000d5580000)
  object space 68608K, 36% used [0x0000000080000000,0x000000008188b488,0x0000000084300000)
 Metaspace       used 51816K, committed 53120K, reserved 1114112K
  class space    used 5773K, committed 6400K, reserved 1048576K
}
Event: 8.360 GC heap after
{Heap after GC invocations=15 (full 2):
 PSYoungGen      total 24576K, used 2404K [0x00000000d5580000, 0x00000000d7100000, 0x0000000100000000)
  eden space 22016K, 0% used [0x00000000d5580000,0x00000000d5580000,0x00000000d6b00000)
  from space 2560K, 93% used [0x00000000d6b00000,0x00000000d6d59270,0x00000000d6d80000)
  to   space 3072K, 0% used [0x00000000d6e00000,0x00000000d6e00000,0x00000000d7100000)
 ParOldGen       total 68608K, used 25629K [0x0000000080000000, 0x0000000084300000, 0x00000000d5580000)
  object space 68608K, 37% used [0x0000000080000000,0x0000000081907488,0x0000000084300000)
 Metaspace       used 51816K, committed 53120K, reserved 1114112K
  class space    used 5773K, committed 6400K, reserved 1048576K
}
Event: 8.398 GC heap before
{Heap before GC invocations=16 (full 2):
 PSYoungGen      total 24576K, used 24420K [0x00000000d5580000, 0x00000000d7100000, 0x0000000100000000)
  eden space 22016K, 100% used [0x00000000d5580000,0x00000000d6b00000,0x00000000d6b00000)
  from space 2560K, 93% used [0x00000000d6b00000,0x00000000d6d59270,0x00000000d6d80000)
  to   space 3072K, 0% used [0x00000000d6e00000,0x00000000d6e00000,0x00000000d7100000)
 ParOldGen       total 68608K, used 25629K [0x0000000080000000, 0x0000000084300000, 0x00000000d5580000)
  object space 68608K, 37% used [0x0000000080000000,0x0000000081907488,0x0000000084300000)
 Metaspace       used 52003K, committed 53248K, reserved 1114112K
  class space    used 5800K, committed 6400K, reserved 1048576K
}
Event: 8.400 GC heap after
{Heap after GC invocations=16 (full 2):
 PSYoungGen      total 25088K, used 2641K [0x00000000d5580000, 0x00000000d7100000, 0x0000000100000000)
  eden space 22016K, 0% used [0x00000000d5580000,0x00000000d5580000,0x00000000d6b00000)
  from space 3072K, 85% used [0x00000000d6e00000,0x00000000d7094410,0x00000000d7100000)
  to   space 3072K, 0% used [0x00000000d6b00000,0x00000000d6b00000,0x00000000d6e00000)
 ParOldGen       total 68608K, used 27844K [0x0000000080000000, 0x0000000084300000, 0x00000000d5580000)
  object space 68608K, 40% used [0x0000000080000000,0x0000000081b310f0,0x0000000084300000)
 Metaspace       used 52003K, committed 53248K, reserved 1114112K
  class space    used 5800K, committed 6400K, reserved 1048576K
}
Event: 8.429 GC heap before
{Heap before GC invocations=17 (full 2):
 PSYoungGen      total 25088K, used 24657K [0x00000000d5580000, 0x00000000d7100000, 0x0000000100000000)
  eden space 22016K, 100% used [0x00000000d5580000,0x00000000d6b00000,0x00000000d6b00000)
  from space 3072K, 85% used [0x00000000d6e00000,0x00000000d7094410,0x00000000d7100000)
  to   space 3072K, 0% used [0x00000000d6b00000,0x00000000d6b00000,0x00000000d6e00000)
 ParOldGen       total 68608K, used 27844K [0x0000000080000000, 0x0000000084300000, 0x00000000d5580000)
  object space 68608K, 40% used [0x0000000080000000,0x0000000081b310f0,0x0000000084300000)
 Metaspace       used 52185K, committed 53440K, reserved 1114112K
  class space    used 5826K, committed 6400K, reserved 1048576K
}
Event: 8.431 GC heap after
{Heap after GC invocations=17 (full 2):
 PSYoungGen      total 25088K, used 2818K [0x00000000d5580000, 0x00000000d7100000, 0x0000000100000000)
  eden space 22016K, 0% used [0x00000000d5580000,0x00000000d5580000,0x00000000d6b00000)
  from space 3072K, 91% used [0x00000000d6b00000,0x00000000d6dc0820,0x00000000d6e00000)
  to   space 3072K, 0% used [0x00000000d6e00000,0x00000000d6e00000,0x00000000d7100000)
 ParOldGen       total 68608K, used 30252K [0x0000000080000000, 0x0000000084300000, 0x00000000d5580000)
  object space 68608K, 44% used [0x0000000080000000,0x0000000081d8b0f0,0x0000000084300000)
 Metaspace       used 52185K, committed 53440K, reserved 1114112K
  class space    used 5826K, committed 6400K, reserved 1048576K
}
Event: 8.455 GC heap before
{Heap before GC invocations=18 (full 2):
 PSYoungGen      total 25088K, used 24834K [0x00000000d5580000, 0x00000000d7100000, 0x0000000100000000)
  eden space 22016K, 100% used [0x00000000d5580000,0x00000000d6b00000,0x00000000d6b00000)
  from space 3072K, 91% used [0x00000000d6b00000,0x00000000d6dc0820,0x00000000d6e00000)
  to   space 3072K, 0% used [0x00000000d6e00000,0x00000000d6e00000,0x00000000d7100000)
 ParOldGen       total 68608K, used 30252K [0x0000000080000000, 0x0000000084300000, 0x00000000d5580000)
  object space 68608K, 44% used [0x0000000080000000,0x0000000081d8b0f0,0x0000000084300000)
 Metaspace       used 52208K, committed 53440K, reserved 1114112K
  class space    used 5826K, committed 6400K, reserved 1048576K
}
Event: 8.457 GC heap after
{Heap after GC invocations=18 (full 2):
 PSYoungGen      total 24576K, used 2372K [0x00000000d5580000, 0x00000000d7080000, 0x0000000100000000)
  eden space 22016K, 0% used [0x00000000d5580000,0x00000000d5580000,0x00000000d6b00000)
  from space 2560K, 92% used [0x00000000d6e00000,0x00000000d7051000,0x00000000d7080000)
  to   space 2560K, 0% used [0x00000000d6b80000,0x00000000d6b80000,0x00000000d6e00000)
 ParOldGen       total 68608K, used 32829K [0x0000000080000000, 0x0000000084300000, 0x00000000d5580000)
  object space 68608K, 47% used [0x0000000080000000,0x000000008200f7a8,0x0000000084300000)
 Metaspace       used 52208K, committed 53440K, reserved 1114112K
  class space    used 5826K, committed 6400K, reserved 1048576K
}
Event: 8.483 GC heap before
{Heap before GC invocations=19 (full 2):
 PSYoungGen      total 24576K, used 24388K [0x00000000d5580000, 0x00000000d7080000, 0x0000000100000000)
  eden space 22016K, 100% used [0x00000000d5580000,0x00000000d6b00000,0x00000000d6b00000)
  from space 2560K, 92% used [0x00000000d6e00000,0x00000000d7051000,0x00000000d7080000)
  to   space 2560K, 0% used [0x00000000d6b80000,0x00000000d6b80000,0x00000000d6e00000)
 ParOldGen       total 68608K, used 32829K [0x0000000080000000, 0x0000000084300000, 0x00000000d5580000)
  object space 68608K, 47% used [0x0000000080000000,0x000000008200f7a8,0x0000000084300000)
 Metaspace       used 52227K, committed 53440K, reserved 1114112K
  class space    used 5826K, committed 6400K, reserved 1048576K
}
Event: 8.486 GC heap after
{Heap after GC invocations=19 (full 2):
 PSYoungGen      total 24576K, used 2496K [0x00000000d5580000, 0x00000000d7000000, 0x0000000100000000)
  eden space 22016K, 0% used [0x00000000d5580000,0x00000000d5580000,0x00000000d6b00000)
  from space 2560K, 97% used [0x00000000d6b80000,0x00000000d6df0010,0x00000000d6e00000)
  to   space 2048K, 0% used [0x00000000d6e00000,0x00000000d6e00000,0x00000000d7000000)
 ParOldGen       total 68608K, used 35054K [0x0000000080000000, 0x0000000084300000, 0x00000000d5580000)
  object space 68608K, 51% used [0x0000000080000000,0x000000008223b8a8,0x0000000084300000)
 Metaspace       used 52227K, committed 53440K, reserved 1114112K
  class space    used 5826K, committed 6400K, reserved 1048576K
}
Event: 8.508 GC heap before
{Heap before GC invocations=20 (full 2):
 PSYoungGen      total 24576K, used 24512K [0x00000000d5580000, 0x00000000d7000000, 0x0000000100000000)
  eden space 22016K, 100% used [0x00000000d5580000,0x00000000d6b00000,0x00000000d6b00000)
  from space 2560K, 97% used [0x00000000d6b80000,0x00000000d6df0010,0x00000000d6e00000)
  to   space 2048K, 0% used [0x00000000d6e00000,0x00000000d6e00000,0x00000000d7000000)
 ParOldGen       total 68608K, used 35054K [0x0000000080000000, 0x0000000084300000, 0x00000000d5580000)
  object space 68608K, 51% used [0x0000000080000000,0x000000008223b8a8,0x0000000084300000)
 Metaspace       used 52245K, committed 53504K, reserved 1114112K
  class space    used 5826K, committed 6400K, reserved 1048576K
}
Event: 8.512 GC heap after
{Heap after GC invocations=20 (full 2):
 PSYoungGen      total 22016K, used 2040K [0x00000000d5580000, 0x00000000d7500000, 0x0000000100000000)
  eden space 19968K, 0% used [0x00000000d5580000,0x00000000d5580000,0x00000000d6900000)
  from space 2048K, 99% used [0x00000000d6e00000,0x00000000d6ffe200,0x00000000d7000000)
  to   space 5120K, 0% used [0x00000000d6900000,0x00000000d6900000,0x00000000d6e00000)
 ParOldGen       total 68608K, used 37534K [0x0000000080000000, 0x0000000084300000, 0x00000000d5580000)
  object space 68608K, 54% used [0x0000000080000000,0x00000000824a78b8,0x0000000084300000)
 Metaspace       used 52245K, committed 53504K, reserved 1114112K
  class space    used 5826K, committed 6400K, reserved 1048576K
}
Event: 8.687 GC heap before
{Heap before GC invocations=21 (full 2):
 PSYoungGen      total 22016K, used 22008K [0x00000000d5580000, 0x00000000d7500000, 0x0000000100000000)
  eden space 19968K, 100% used [0x00000000d5580000,0x00000000d6900000,0x00000000d6900000)
  from space 2048K, 99% used [0x00000000d6e00000,0x00000000d6ffe200,0x00000000d7000000)
  to   space 5120K, 0% used [0x00000000d6900000,0x00000000d6900000,0x00000000d6e00000)
 ParOldGen       total 68608K, used 37534K [0x0000000080000000, 0x0000000084300000, 0x00000000d5580000)
  object space 68608K, 54% used [0x0000000080000000,0x00000000824a78b8,0x0000000084300000)
 Metaspace       used 56606K, committed 57920K, reserved 1114112K
  class space    used 6289K, committed 6912K, reserved 1048576K
}
Event: 8.689 GC heap after
{Heap after GC invocations=21 (full 2):
 PSYoungGen      total 24064K, used 4092K [0x00000000d5580000, 0x00000000d7200000, 0x0000000100000000)
  eden space 19968K, 0% used [0x00000000d5580000,0x00000000d5580000,0x00000000d6900000)
  from space 4096K, 99% used [0x00000000d6900000,0x00000000d6cff2a0,0x00000000d6d00000)
  to   space 4608K, 0% used [0x00000000d6d80000,0x00000000d6d80000,0x00000000d7200000)
 ParOldGen       total 68608K, used 39587K [0x0000000080000000, 0x0000000084300000, 0x00000000d5580000)
  object space 68608K, 57% used [0x0000000080000000,0x00000000826a8e10,0x0000000084300000)
 Metaspace       used 56606K, committed 57920K, reserved 1114112K
  class space    used 6289K, committed 6912K, reserved 1048576K
}

